<?xml version="1.0" encoding="UTF-8" ?>
<testsuite errors="7" failures="0" hostname="Mitchs-PC" name="nutrition.app.NutrientTest" skipped="0" tests="7" time="0.17" timestamp="2016-10-31T14:34:14">
  <properties>
[...]
</properties>
  <testcase classname="nutrition.app.NutrientTest" name="testToString" time="0.018">
    <error type="java.lang.NullPointerException">java.lang.NullPointerException
	at nutrition.app.NutrientTest.testToString(NutrientTest.java:131)
</error>
  </testcase>
  <testcase classname="nutrition.app.NutrientTest" name="testGetName" time="0.001">
    <error type="java.lang.NullPointerException">java.lang.NullPointerException
	at nutrition.app.NutrientTest.testGetName(NutrientTest.java:48)
</error>
  </testcase>
  <testcase classname="nutrition.app.NutrientTest" name="testGetUnit" time="0.001">
    <error type="java.lang.NullPointerException">java.lang.NullPointerException
	at nutrition.app.NutrientTest.testGetUnit(NutrientTest.java:75)
</error>
  </testcase>
  <testcase classname="nutrition.app.NutrientTest" name="testHashCode" time="0.001">
    <error type="java.lang.NullPointerException">java.lang.NullPointerException
	at nutrition.app.NutrientTest.testHashCode(NutrientTest.java:102)
</error>
  </testcase>
  <testcase classname="nutrition.app.NutrientTest" name="testEquals" time="0.002">
    <error type="java.lang.NullPointerException">java.lang.NullPointerException
	at nutrition.app.NutrientTest.testEquals(NutrientTest.java:117)
</error>
  </testcase>
  <testcase classname="nutrition.app.NutrientTest" name="testSetName" time="0.001">
    <error type="java.lang.NullPointerException">java.lang.NullPointerException
	at nutrition.app.NutrientTest.testSetName(NutrientTest.java:62)
</error>
  </testcase>
  <testcase classname="nutrition.app.NutrientTest" name="testSetUnit" time="0.002">
    <error type="java.lang.NullPointerException">java.lang.NullPointerException
	at nutrition.app.NutrientTest.testSetUnit(NutrientTest.java:89)
</error>
  </testcase>
  <system-out><![CDATA[toString
getName
getUnit
hashCode
equals
setName
setUnit
]]></system-out>
  <system-err><![CDATA[]]></system-err>
</testsuite>
